C51 COMPILER V9.54   BUZZER                                                                09/06/2023 22:59:05 PAGE 1   


C51 COMPILER V9.54, COMPILATION OF MODULE BUZZER
OBJECT MODULE PLACED IN .\Objects\Buzzer.obj
COMPILER INVOKED BY: D:\Keil_C51v5\C51\BIN\C51.EXE Buzzer.c OPTIMIZE(8,SPEED) BROWSE DEBUG OBJECTEXTEND PRINT(.\Listings
                    -\Buzzer.lst) OBJECT(.\Objects\Buzzer.obj)

line level    source

   1          #include "Buzzer.h"
   2          
   3          /**
   4            * @brief  响铃
   5            * @param  count 响铃的频率（每秒钟响几次）
   6            * @retval 无
   7            */
   8          void Buzzer_Bell(unsigned char count)
   9          {
  10   1              unsigned int i;
  11   1              switch(count)
  12   1              {
  13   2                      case 1:
  14   2                      {
  15   3                              while(1){
  16   4                              for(i = 0; i < 1000; i++){
  17   5                                      Buzzer = !Buzzer;
  18   5                                      Delay(1);
  19   5                              }
  20   4                              }
  21   3                              break;
  22   3                      };
  23   2                      case 2:
  24   2                      {
  25   3                              
  26   3                              break;
  27   3                      };
  28   2                              
  29   2              }
  30   1                      
  31   1      }


MODULE INFORMATION:   STATIC OVERLAYABLE
   CODE SIZE        =     38    ----
   CONSTANT SIZE    =   ----    ----
   XDATA SIZE       =   ----    ----
   PDATA SIZE       =   ----    ----
   DATA SIZE        =   ----       2
   IDATA SIZE       =   ----    ----
   BIT SIZE         =   ----    ----
END OF MODULE INFORMATION.


C51 COMPILATION COMPLETE.  0 WARNING(S),  0 ERROR(S)
