C51 COMPILER V9.54   CLOCK                                                                 09/06/2023 22:58:12 PAGE 1   


C51 COMPILER V9.54, COMPILATION OF MODULE CLOCK
OBJECT MODULE PLACED IN .\Objects\Clock.obj
COMPILER INVOKED BY: D:\Keil_C51v5\C51\BIN\C51.EXE Clock.c OPTIMIZE(8,SPEED) BROWSE DEBUG OBJECTEXTEND PRINT(.\Listings\
                    -Clock.lst) OBJECT(.\Objects\Clock.obj)

line level    source

   1          #include "clock.h"
   2          
   3          
   4          void Clock_Init()
   5          {
   6   1              
   7   1      }


MODULE INFORMATION:   STATIC OVERLAYABLE
   CODE SIZE        =      1    ----
   CONSTANT SIZE    =   ----    ----
   XDATA SIZE       =   ----    ----
   PDATA SIZE       =   ----    ----
   DATA SIZE        =   ----    ----
   IDATA SIZE       =   ----    ----
   BIT SIZE         =   ----    ----
END OF MODULE INFORMATION.


C51 COMPILATION COMPLETE.  0 WARNING(S),  0 ERROR(S)
