C51 COMPILER V9.54   DELAY                                                                 09/06/2023 22:58:12 PAGE 1   


C51 COMPILER V9.54, COMPILATION OF MODULE DELAY
OBJECT MODULE PLACED IN .\Objects\Delay.obj
COMPILER INVOKED BY: D:\Keil_C51v5\C51\BIN\C51.EXE Delay.c OPTIMIZE(8,SPEED) BROWSE DEBUG OBJECTEXTEND PRINT(.\Listings\
                    -Delay.lst) OBJECT(.\Objects\Delay.obj)

line level    source

   1          #include "Delay.h"
   2          
   3          /**
   4            * @brief  延时函数
   5            * @param  需要延长的时间（单位ms）
   6            * @retval 无
   7            */
   8          void Delay(unsigned int ms)
   9          {
  10   1              unsigned char i, j;
  11   1              while(ms--){    //@11.0592MHz   
  12   2                      i = 2;
  13   2                      j = 199;
  14   2                      do
  15   2                      {
  16   3                              while (--j);
  17   3                      } while (--i);
  18   2              }       
  19   1      }


MODULE INFORMATION:   STATIC OVERLAYABLE
   CODE SIZE        =     21    ----
   CONSTANT SIZE    =   ----    ----
   XDATA SIZE       =   ----    ----
   PDATA SIZE       =   ----    ----
   DATA SIZE        =   ----    ----
   IDATA SIZE       =   ----    ----
   BIT SIZE         =   ----    ----
END OF MODULE INFORMATION.


C51 COMPILATION COMPLETE.  0 WARNING(S),  0 ERROR(S)
