C51 COMPILER V9.54   DS1302                                                                09/06/2023 22:58:12 PAGE 1   


C51 COMPILER V9.54, COMPILATION OF MODULE DS1302
OBJECT MODULE PLACED IN .\Objects\DS1302.obj
COMPILER INVOKED BY: D:\Keil_C51v5\C51\BIN\C51.EXE DS1302.c OPTIMIZE(8,SPEED) BROWSE DEBUG OBJECTEXTEND PRINT(.\Listings
                    -\DS1302.lst) OBJECT(.\Objects\DS1302.obj)

line level    source

   1          #include "DS1302.h"
   2          
   3          char DS1302_Time[] = {23, 12, 31, 23, 59, 57, 29};
   4          
   5          /**
   6            * @brief  DS1302初始化
   7            * @param  无
   8            * @retval 无
   9            */
  10          void DS1302_Init(void)
  11          {
  12   1              DS1302_CE = 0;
  13   1              DS1302_SCLK = 0;
  14   1              DS1302_SetTime();
  15   1      }
  16          
  17          /**
  18            * @brief  向DS1302写入数据
  19            * @param  Command     命令字
  20            * @param  Data        写入的数据
  21            * @retval 无
  22            */
  23          void DS1302_WriteByte(unsigned char Command, Data)
  24          {
  25   1              unsigned char i;
  26   1              DS1302_CE = 1;
  27   1              for(i = 0; i < 8; i++)
  28   1              {
  29   2                      DS1302_IO = Command&(0x01<<i);
  30   2                      DS1302_SCLK = 1;
  31   2                      DS1302_SCLK = 0;
  32   2              }
  33   1              for(i = 0; i < 8; i++)
  34   1              {
  35   2                      DS1302_IO = Data&(0x01<<i);
  36   2                      DS1302_SCLK = 1;
  37   2                      DS1302_SCLK = 0;
  38   2              }       
  39   1              DS1302_CE = 0;
  40   1      }
  41          
  42          /**
  43            * @brief  DS1302读一个字节
  44            * @param  Command     指令
  45            * @retval 读出的数据
  46            */
  47          unsigned char DS1302_ReadByte(unsigned char Command)
  48          {
  49   1              unsigned char i, Data = 0x00;
  50   1              
  51   1              Command |= 0x01;        
  52   1              DS1302_CE = 1;
  53   1              for(i = 0; i < 8; i++)
  54   1              {
C51 COMPILER V9.54   DS1302                                                                09/06/2023 22:58:12 PAGE 2   

  55   2                      DS1302_IO = Command&(0x01<<i);
  56   2                      DS1302_SCLK = 0;
  57   2                      DS1302_SCLK = 1;
  58   2              }
  59   1              for(i=0;i<8;i++)
  60   1              {
  61   2                      DS1302_SCLK=1;
  62   2                      DS1302_SCLK=0;
  63   2                      if(DS1302_IO){Data|=(0x01<<i);}
  64   2              }
  65   1              
  66   1              DS1302_IO = 0;
  67   1              DS1302_CE = 0;
  68   1              return Data;
  69   1      }
  70          
  71          void DS1302_SetTime(void)
  72          {
  73   1              DS1302_WriteByte(DS1302_WP, 0x00);
  74   1              DS1302_WriteByte(DS1302_YEAR, DS1302_Time[0]/10*16+DS1302_Time[0]%10);
  75   1              DS1302_WriteByte(DS1302_MONTH, DS1302_Time[1]/10*16+DS1302_Time[1]%10);
  76   1              DS1302_WriteByte(DS1302_DAY, DS1302_Time[2]/10*16+DS1302_Time[2]%10);
  77   1              DS1302_WriteByte(DS1302_HOUR, DS1302_Time[3]/10*16+DS1302_Time[3]%10);
  78   1              DS1302_WriteByte(DS1302_MINUTE, DS1302_Time[4]/10*16+DS1302_Time[4]%10);
  79   1              DS1302_WriteByte(DS1302_SECOND, DS1302_Time[5]/10*16+DS1302_Time[5]%10);
  80   1              DS1302_WriteByte(DS1302_WEEK, DS1302_Time[6]/10*16+DS1302_Time[6]%10);
  81   1              DS1302_WriteByte(DS1302_WP, 0x80);
  82   1      }
  83          
  84          void DS1302_ReadTime(void)
  85          {
  86   1              unsigned char Temp;
  87   1              Temp=DS1302_ReadByte(DS1302_YEAR);
  88   1              DS1302_Time[0]=Temp/16*10+Temp%16;//BCD码转十进制后读取
  89   1              Temp=DS1302_ReadByte(DS1302_MONTH);
  90   1              DS1302_Time[1]=Temp/16*10+Temp%16;
  91   1              Temp=DS1302_ReadByte(DS1302_DAY);
  92   1              DS1302_Time[2]=Temp/16*10+Temp%16;
  93   1              Temp=DS1302_ReadByte(DS1302_HOUR);
  94   1              DS1302_Time[3]=Temp/16*10+Temp%16;
  95   1              Temp=DS1302_ReadByte(DS1302_MINUTE);
  96   1              DS1302_Time[4]=Temp/16*10+Temp%16;
  97   1              Temp=DS1302_ReadByte(DS1302_SECOND);
  98   1              DS1302_Time[5]=Temp/16*10+Temp%16;
  99   1              Temp=DS1302_ReadByte(DS1302_WEEK);
 100   1              DS1302_Time[6]=Temp/16*10+Temp%16;
 101   1      }


MODULE INFORMATION:   STATIC OVERLAYABLE
   CODE SIZE        =    696    ----
   CONSTANT SIZE    =   ----    ----
   XDATA SIZE       =   ----    ----
   PDATA SIZE       =   ----    ----
   DATA SIZE        =      7       2
   IDATA SIZE       =   ----    ----
   BIT SIZE         =   ----    ----
END OF MODULE INFORMATION.


C51 COMPILATION COMPLETE.  0 WARNING(S),  0 ERROR(S)
