C51 COMPILER V9.54   MATRIXKEY                                                             09/06/2023 22:58:12 PAGE 1   


C51 COMPILER V9.54, COMPILATION OF MODULE MATRIXKEY
OBJECT MODULE PLACED IN .\Objects\MatrixKey.obj
COMPILER INVOKED BY: D:\Keil_C51v5\C51\BIN\C51.EXE MatrixKey.c OPTIMIZE(8,SPEED) BROWSE DEBUG OBJECTEXTEND PRINT(.\Listi
                    -ngs\MatrixKey.lst) OBJECT(.\Objects\MatrixKey.obj)

line level    source

   1          #include <REGX52.H>
   2          #include "MatrixKey.h"
   3          
   4          /**
   5            * @brief  矩阵键盘读取按键键码
   6            * @param  无
   7            * @retval 返回按下按键的键值
   8            */
   9          unsigned char MatrixKeyVolue()
  10          {
  11   1              unsigned char KeyVolue = 0;
  12   1              
  13   1              P1 = 0x0f;
  14   1              if(P1 != 0x0f)  // 矩阵按键被按下
  15   1              {
  16   2                      Delay(20);
  17   2                      if(P1 != 0x0f)  // 矩阵按键被按下
  18   2                      {
  19   3                              P1 = 0x0f;              
  20   3                              switch(P1)
  21   3                              {
  22   4                                      case(0x07):KeyVolue = 0; break;
  23   4                                      case(0x0b):KeyVolue = 1; break;
  24   4                                      case(0x0d):KeyVolue = 2; break;
  25   4                                      case(0x0e):KeyVolue = 3; break;
  26   4                              }
  27   3                              P1 = 0xf0;              
  28   3                              switch(P1)
  29   3                              {
  30   4                                      case(0x70):KeyVolue = KeyVolue; break;
  31   4                                      case(0xb0):KeyVolue = KeyVolue + 4; break;
  32   4                                      case(0xd0):KeyVolue = KeyVolue + 8; break;
  33   4                                      case(0xe0):KeyVolue = KeyVolue + 12; break;
  34   4                              }
  35   3                              while(P1 != 0xf0)
  36   3                              {
  37   4                                      Delay(20);
  38   4                              }
  39   3                      }
  40   2              }
  41   1              return KeyVolue;
  42   1      }


MODULE INFORMATION:   STATIC OVERLAYABLE
   CODE SIZE        =    123    ----
   CONSTANT SIZE    =   ----    ----
   XDATA SIZE       =   ----    ----
   PDATA SIZE       =   ----    ----
   DATA SIZE        =   ----       1
   IDATA SIZE       =   ----    ----
   BIT SIZE         =   ----    ----
END OF MODULE INFORMATION.


C51 COMPILATION COMPLETE.  0 WARNING(S),  0 ERROR(S)
