C51 COMPILER V9.54   DS1302                                                                09/06/2023 13:06:53 PAGE 1   


C51 COMPILER V9.54, COMPILATION OF MODULE DS1302
OBJECT MODULE PLACED IN .\Objects\DS1302.obj
COMPILER INVOKED BY: D:\Keil_C51v5\C51\BIN\C51.EXE DS1302.c OPTIMIZE(8,SPEED) BROWSE DEBUG OBJECTEXTEND PRINT(.\Listings
                    -\DS1302.lst) OBJECT(.\Objects\DS1302.obj)

line level    source

   1          #include "DS1302.h"
   2          #include "Delay.h"
   3          
   4          unsigned char DS1302_Time[]={23,12,31,23,59,55,6};
   5          
   6          void DS1302_Init(void){
   7   1              DS1302_CE = 0;
   8   1              DS1302_SCLK = 0;
   9   1      }
  10          
  11          void DS1302_WriteByte(unsigned char Command, Data){
  12   1      //      unsigned char i;        // unsigned 需要放到程序处理之前
  13   1      //      // 写数据第一步把CE置为1
  14   1      //      DS1302_CE = 1;
  15   1      ////    DS1302_IO = Command&0x01;
  16   1      ////    DS1302_SCLK = 1;
  17   1      ////    Delay(1);
  18   1      ////    DS1302_SCLK = 0;        
  19   1      //      
  20   1      //      for(i = 0; i < 8; i++){
  21   1      //              DS1302_IO = Command&(0x01<<i);
  22   1      //              DS1302_SCLK = 1;
  23   1      ////            Delay(1);
  24   1      //              DS1302_SCLK = 0;
  25   1      //      }
  26   1      //      for(i = 0; i < 8; i++){
  27   1      //              DS1302_IO = Data&(0x01<<i);
  28   1      //              DS1302_SCLK = 1;
  29   1      ////            Delay(1);
  30   1      //              DS1302_SCLK = 0;
  31   1      //      }
  32   1      //      DS1302_CE = 0;
  33   1              unsigned char i;
  34   1              DS1302_CE=1;
  35   1              for(i=0;i<8;i++)
  36   1              {
  37   2                      DS1302_IO=Command&(0x01<<i);
  38   2                      DS1302_SCLK=1;
  39   2                      DS1302_SCLK=0;
  40   2              }
  41   1              for(i=0;i<8;i++)
  42   1              {
  43   2                      DS1302_IO=Data&(0x01<<i);
  44   2                      DS1302_SCLK=1;
  45   2                      DS1302_SCLK=0;
  46   2              }
  47   1              DS1302_CE=0;
  48   1      }
  49          
  50          unsigned char DS1302_ReadByte(unsigned char Command){
  51   1              unsigned char i,Data=0x00;
  52   1              Command|=0x01;  //将指令转换为读指令
  53   1              DS1302_CE=1;
  54   1              for(i=0;i<8;i++)
C51 COMPILER V9.54   DS1302                                                                09/06/2023 13:06:53 PAGE 2   

  55   1              {
  56   2                      DS1302_IO=Command&(0x01<<i);
  57   2                      DS1302_SCLK=0;
  58   2                      DS1302_SCLK=1;
  59   2              }
  60   1              for(i=0;i<8;i++)
  61   1              {
  62   2                      DS1302_SCLK=1;
  63   2                      DS1302_SCLK=0;
  64   2                      if(DS1302_IO){Data|=(0x01<<i);}
  65   2              }
  66   1              DS1302_CE=0;
  67   1              DS1302_IO=0;    //读取后将IO设置为0，否则读出的数据会出错
  68   1              return Data;
  69   1      }
  70          
  71          void DS1302_SetTime(void){
  72   1              DS1302_WriteByte(DS1302_WP, 0x00);
  73   1              DS1302_WriteByte(DS1302_YEAR, DS1302_Time[0]/10*16+DS1302_Time[0]%10);
  74   1              DS1302_WriteByte(DS1302_MONTH, DS1302_Time[1]/10*16+DS1302_Time[1]%10);
  75   1              DS1302_WriteByte(DS1302_DAY, DS1302_Time[2]/10*16+DS1302_Time[2]%10);
  76   1              DS1302_WriteByte(DS1302_HOUR, DS1302_Time[3]/10*16+DS1302_Time[3]%10);
  77   1              DS1302_WriteByte(DS1302_MINUTE, DS1302_Time[4]/10*16+DS1302_Time[4]%10);
  78   1              DS1302_WriteByte(DS1302_SECOND, DS1302_Time[5]/10*16+DS1302_Time[5]%10);
  79   1              DS1302_WriteByte(DS1302_WEEK, DS1302_Time[6]/10*16+DS1302_Time[6]%10);
  80   1              DS1302_WriteByte(DS1302_WP, 0x80);
  81   1      }
  82          
  83          void DS1302_ReadTime(void)
  84          {
  85   1              unsigned char Temp;
  86   1              Temp=DS1302_ReadByte(DS1302_YEAR);
  87   1              DS1302_Time[0]=Temp/16*10+Temp%16;//BCD码转十进制后读取
  88   1              Temp=DS1302_ReadByte(DS1302_MONTH);
  89   1              DS1302_Time[1]=Temp/16*10+Temp%16;
  90   1              Temp=DS1302_ReadByte(DS1302_DAY);
  91   1              DS1302_Time[2]=Temp/16*10+Temp%16;
  92   1              Temp=DS1302_ReadByte(DS1302_HOUR);
  93   1              DS1302_Time[3]=Temp/16*10+Temp%16;
  94   1              Temp=DS1302_ReadByte(DS1302_MINUTE);
  95   1              DS1302_Time[4]=Temp/16*10+Temp%16;
  96   1              Temp=DS1302_ReadByte(DS1302_SECOND);
  97   1              DS1302_Time[5]=Temp/16*10+Temp%16;
  98   1              Temp=DS1302_ReadByte(DS1302_WEEK);
  99   1              DS1302_Time[6]=Temp/16*10+Temp%16;
 100   1      }


MODULE INFORMATION:   STATIC OVERLAYABLE
   CODE SIZE        =    551    ----
   CONSTANT SIZE    =   ----    ----
   XDATA SIZE       =   ----    ----
   PDATA SIZE       =   ----    ----
   DATA SIZE        =      7       2
   IDATA SIZE       =   ----    ----
   BIT SIZE         =   ----    ----
END OF MODULE INFORMATION.


C51 COMPILATION COMPLETE.  0 WARNING(S),  0 ERROR(S)
