C51 COMPILER V9.54   MAIN                                                                  09/06/2023 13:06:52 PAGE 1   


C51 COMPILER V9.54, COMPILATION OF MODULE MAIN
OBJECT MODULE PLACED IN .\Objects\main.obj
COMPILER INVOKED BY: D:\Keil_C51v5\C51\BIN\C51.EXE main.c OPTIMIZE(8,SPEED) BROWSE DEBUG OBJECTEXTEND PRINT(.\Listings\m
                    -ain.lst) OBJECT(.\Objects\main.obj)

line level    source

   1          #include <REGX52.H>
   2          #include "Delay.h"
   3          #include "LCD1602.h"
   4          #include "DS1302.h"
   5          
   6          unsigned char sec;
   7          
   8          void main()
   9          {
  10   1              LCD_Init();
  11   1              DS1302_Init();
  12   1              LCD_ShowString(1,1,"  -  -  ");//静态字符初始化显示
  13   1              LCD_ShowString(2,1,"  :  :  ");
  14   1              
  15   1              DS1302_SetTime();//设置时间
*** WARNING C206 IN LINE 15 OF main.c: 'DS1302_SetTime': missing function-prototype
  16   1              
  17   1              while(1)
  18   1              {
  19   2                      DS1302_ReadTime();//读取时间
*** WARNING C206 IN LINE 19 OF main.c: 'DS1302_ReadTime': missing function-prototype
  20   2                      LCD_ShowNum(1,1,DS1302_Time[0],2);//显示年
  21   2                      LCD_ShowNum(1,4,DS1302_Time[1],2);//显示月
  22   2                      LCD_ShowNum(1,7,DS1302_Time[2],2);//显示日
  23   2                      LCD_ShowNum(2,1,DS1302_Time[3],2);//显示时
  24   2                      LCD_ShowNum(2,4,DS1302_Time[4],2);//显示分
  25   2                      LCD_ShowNum(2,7,DS1302_Time[5],2);//显示秒
  26   2              }
  27   1      }


MODULE INFORMATION:   STATIC OVERLAYABLE
   CODE SIZE        =    130    ----
   CONSTANT SIZE    =     18    ----
   XDATA SIZE       =   ----    ----
   PDATA SIZE       =   ----    ----
   DATA SIZE        =      1    ----
   IDATA SIZE       =   ----    ----
   BIT SIZE         =   ----    ----
END OF MODULE INFORMATION.


C51 COMPILATION COMPLETE.  2 WARNING(S),  0 ERROR(S)
