C51 COMPILER V9.54   MAIN                                                                  09/04/2023 16:32:02 PAGE 1   


C51 COMPILER V9.54, COMPILATION OF MODULE MAIN
OBJECT MODULE PLACED IN .\Objects\main.obj
COMPILER INVOKED BY: D:\Keil_C51v5\C51\BIN\C51.EXE main.c OPTIMIZE(8,SPEED) BROWSE DEBUG OBJECTEXTEND PRINT(.\Listings\m
                    -ain.lst) OBJECT(.\Objects\main.obj)

line level    source

   1          #include <REGX52.H>
   2          #include <INTRINS.H>
   3          #include "Delay.h"
   4          void timer0_init()
   5          {
   6   1              TMOD &= 0xF0;           //设置定时器模式
   7   1              TMOD |= 0x01;           //设置定时器模式
   8   1      //      TH0 = 64535/256;
   9   1      //      TL0 = 64535%256;
  10   1              TL0 = 0x18;             //设置定时初值
  11   1              TH0 = 0xFC;             //设置定时初值
  12   1              TF0 = 0;                //清除TF0标志
  13   1              TR0 = 1;                //定时器0开始计时
  14   1              ET0 = 1;
  15   1              EA = 1;
  16   1              PT0 = 0;
  17   1      }
  18          
  19          unsigned char key(){
  20   1              unsigned char num = 0;
  21   1              if(P3_1 == 0){Delay(20);while(P3_1 == 0);Delay(20);num=1;}
  22   1              if(P3_0 == 0){Delay(20);while(P3_0 == 0);Delay(20);num=2;}
  23   1              if(P3_2 == 0){Delay(20);while(P3_2 == 0);Delay(20);num=3;}
  24   1              if(P3_3 == 0){Delay(20);while(P3_3 == 0);Delay(20);num=4;}
  25   1              return num;
  26   1      }
  27          
  28          unsigned char keynum,LEDMod=0;
  29          
  30          void main()
  31          {
  32   1              timer0_init();
  33   1              P2_0 = 0;
  34   1              while(1)
  35   1              {
  36   2                      keynum = key();
  37   2                      if (keynum){
  38   3                              if(keynum == 1)
  39   3                              {
  40   4                                      LEDMod++;
  41   4                                      if(LEDMod >= 2)
  42   4                                      {
  43   5                                              LEDMod=0;
  44   5                                      }
  45   4                              }
  46   3                      }
  47   2              }
  48   1      }
  49          
  50          
  51          void timer0_routine() interrupt 1
  52          {
  53   1              static unsigned int count;
  54   1              TL0 = 0x18;             //设置定时初值
C51 COMPILER V9.54   MAIN                                                                  09/04/2023 16:32:02 PAGE 2   

  55   1              TH0 = 0xFC;
  56   1              count++;
  57   1              if (count >= 500)       // 1秒
  58   1              {
  59   2                      count = 0;
  60   2      //              P2_5=~P2_5;
  61   2                      if(LEDMod == 0){
  62   3                              P2=_crol_(P2, 1);
  63   3                      }
  64   2                      if(LEDMod == 1){
  65   3                              P2=_cror_(P2, 1);
  66   3                      }
  67   2              }
  68   1      }


MODULE INFORMATION:   STATIC OVERLAYABLE
   CODE SIZE        =    235    ----
   CONSTANT SIZE    =   ----    ----
   XDATA SIZE       =   ----    ----
   PDATA SIZE       =   ----    ----
   DATA SIZE        =      4       1
   IDATA SIZE       =   ----    ----
   BIT SIZE         =   ----    ----
END OF MODULE INFORMATION.


C51 COMPILATION COMPLETE.  0 WARNING(S),  0 ERROR(S)
