C51 COMPILER V9.54   AT24C02                                                               10/20/2023 14:53:57 PAGE 1   


C51 COMPILER V9.54, COMPILATION OF MODULE AT24C02
OBJECT MODULE PLACED IN .\Objects\AT24C02.obj
COMPILER INVOKED BY: D:\Keil_C51v5\C51\BIN\C51.EXE AT24C02.c OPTIMIZE(8,SPEED) BROWSE INCDIR(D:\Keil_C51v5\C51\INC\Atmel
                    -) DEBUG OBJECTEXTEND PRINT(.\Listings\AT24C02.lst) OBJECT(.\Objects\AT24C02.obj)

line level    source

   1          //#include "AT24C02.h"
   2          //#include "I2C.h"
   3          //#include <REGX52.H>
   4          
   5          //#define AT24C02_Address 0xA0
   6          
   7          //void AT24C02_WriteByte(unsigned char WordAddress, Data)
   8          //{
   9          //      I2C_Start();
  10          //      I2C_SendByte(AT24C02_Address);
  11          //      I2C_AckReceive();
  12          //      I2C_SendByte(WordAddress);
  13          //      I2C_AckReceive();
  14          //      I2C_SendByte(Data);
  15          //      I2C_AckReceive();
  16          //      I2C_Stop();
  17          //}
  18          
  19          //unsigned char AT24C02_ReadByte(unsigned char WordAddress)
  20          //{
  21          //      unsigned char Data;
  22          //      I2C_Start();
  23          //      I2C_SendByte(AT24C02_Address);
  24          //      I2C_AckReceive();
  25          //      I2C_SendByte(WordAddress);
  26          //      I2C_AckReceive();
  27          //      I2C_Start();
  28          //      I2C_SendByte(AT24C02_Address|0x01);     // 读
  29          //      I2C_ReceiveByte();
  30          //      Data = I2C_ReceiveByte();
  31          //      I2C_AskSend(1);
  32          //      I2C_Stop();
  33          //      return Data;
  34          //}
  35          
  36          #include <REGX52.H>
  37          #include "I2C.h"
  38          
  39          #define AT24C02_ADDRESS         0xA0
  40          
  41          /**
  42            * @brief  AT24C02写入一个字节
  43            * @param  WordAddress 要写入字节的地址
  44            * @param  Data 要写入的数据
  45            * @retval 无
  46            */
  47          void AT24C02_WriteByte(unsigned char WordAddress,Data)
  48          {
  49   1              I2C_Start();
  50   1              I2C_SendByte(AT24C02_ADDRESS);
  51   1              I2C_ReceiveAck();
  52   1              I2C_SendByte(WordAddress);
  53   1              I2C_ReceiveAck();
  54   1              I2C_SendByte(Data);
C51 COMPILER V9.54   AT24C02                                                               10/20/2023 14:53:57 PAGE 2   

  55   1              I2C_ReceiveAck();
  56   1              I2C_Stop();
  57   1      }
  58          
  59          /**
  60            * @brief  AT24C02读取一个字节
  61            * @param  WordAddress 要读出字节的地址
  62            * @retval 读出的数据
  63            */
  64          unsigned char AT24C02_ReadByte(unsigned char WordAddress)
  65          {
  66   1              unsigned char Data;
  67   1              I2C_Start();
  68   1              I2C_SendByte(AT24C02_ADDRESS);
  69   1              I2C_ReceiveAck();
  70   1              I2C_SendByte(WordAddress);
  71   1              I2C_ReceiveAck();
  72   1              I2C_Start();
  73   1              I2C_SendByte(AT24C02_ADDRESS|0x01);
  74   1              I2C_ReceiveAck();
  75   1              Data=I2C_ReceiveByte();
  76   1              I2C_SendAck(1);
  77   1              I2C_Stop();
  78   1              return Data;
  79   1      }


MODULE INFORMATION:   STATIC OVERLAYABLE
   CODE SIZE        =     84    ----
   CONSTANT SIZE    =   ----    ----
   XDATA SIZE       =   ----    ----
   PDATA SIZE       =   ----    ----
   DATA SIZE        =   ----       5
   IDATA SIZE       =   ----    ----
   BIT SIZE         =   ----    ----
END OF MODULE INFORMATION.


C51 COMPILATION COMPLETE.  0 WARNING(S),  0 ERROR(S)
