C51 COMPILER V9.54   I2C                                                                   10/20/2023 14:53:57 PAGE 1   


C51 COMPILER V9.54, COMPILATION OF MODULE I2C
OBJECT MODULE PLACED IN .\Objects\I2C.obj
COMPILER INVOKED BY: D:\Keil_C51v5\C51\BIN\C51.EXE I2C.c OPTIMIZE(8,SPEED) BROWSE INCDIR(D:\Keil_C51v5\C51\INC\Atmel) DE
                    -BUG OBJECTEXTEND PRINT(.\Listings\I2C.lst) OBJECT(.\Objects\I2C.obj)

line level    source

   1          #include <REGX52.H>
   2          #include "I2C.h"
   3          
   4          sbit I2C_SCL = P2^1;
   5          sbit I2C_SDA = P2^0;
   6          
   7          
   8          void I2C_Start(void)
   9          {       
  10   1              I2C_SDA = 1;    // 初始化SDA, SCL
  11   1              I2C_SCL = 1;
  12   1              
  13   1              I2C_SDA = 0;    // 开始
  14   1              I2C_SCL = 0;
  15   1      }
  16          
  17          void I2C_Stop(void)
  18          {
  19   1              I2C_SDA = 0;    // 结束
  20   1              
  21   1              I2C_SCL = 1;    // 初始化SDA, SCL
  22   1              I2C_SDA = 1;
  23   1      }
  24          
  25          
  26          void I2C_SendByte(unsigned char byte)
  27          {
  28   1              unsigned char i;
  29   1              
  30   1              for(i=0;i<8;i++)
  31   1              {
  32   2                      I2C_SDA=byte&(0x80>>i);
  33   2                      I2C_SCL = 1;
  34   2                      I2C_SCL = 0;
  35   2              }       
  36   1      }
  37          
  38          unsigned char I2C_ReceiveByte(void)
  39          {
  40   1              unsigned char byte=0x00, i;
  41   1              
  42   1              I2C_SDA = 1;
  43   1              
  44   1              for(i=0;i<8;i++)
  45   1              {
  46   2                      I2C_SCL = 1;
  47   2                      if (I2C_SDA){byte|=(0x80>>i);}  // 如果是1，把最高位置为1，否则默认为0不执行
  48   2                      I2C_SCL = 0;
  49   2              }       
  50   1              return byte;
  51   1      }
  52          
  53          void I2C_SendAck(unsigned char ask)
  54          {
C51 COMPILER V9.54   I2C                                                                   10/20/2023 14:53:57 PAGE 2   

  55   1              I2C_SDA = ask;
  56   1              I2C_SCL = 1;
  57   1              I2C_SCL = 0;
  58   1      }
  59          
  60          unsigned char I2C_ReceiveAck(void)
  61          {
  62   1              unsigned char ask;
  63   1              
  64   1              I2C_SDA = 1;
  65   1              I2C_SCL = 1;
  66   1              ask = I2C_SDA;  
  67   1              I2C_SCL = 0;
  68   1              return ask;
  69   1      }


MODULE INFORMATION:   STATIC OVERLAYABLE
   CODE SIZE        =    109    ----
   CONSTANT SIZE    =   ----    ----
   XDATA SIZE       =   ----    ----
   PDATA SIZE       =   ----    ----
   DATA SIZE        =   ----    ----
   IDATA SIZE       =   ----    ----
   BIT SIZE         =   ----    ----
END OF MODULE INFORMATION.


C51 COMPILATION COMPLETE.  0 WARNING(S),  0 ERROR(S)
