C51 COMPILER V9.54   MAIN                                                                  10/20/2023 14:53:56 PAGE 1   


C51 COMPILER V9.54, COMPILATION OF MODULE MAIN
OBJECT MODULE PLACED IN .\Objects\main.obj
COMPILER INVOKED BY: D:\Keil_C51v5\C51\BIN\C51.EXE main.c OPTIMIZE(8,SPEED) BROWSE INCDIR(D:\Keil_C51v5\C51\INC\Atmel) D
                    -EBUG OBJECTEXTEND PRINT(.\Listings\main.lst) OBJECT(.\Objects\main.obj)

line level    source

   1          #include <REGX52.H>
   2          #include "LCD1602.h"
   3          #include "Delay.h"
   4          #include "AT24C02.h"
   5          #include "I2C.h"
   6          
   7          unsigned char Data;
   8          
   9          void main()
  10          {
  11   1              LCD_Init();
  12   1              LCD_ShowString(1, 1, "Hello");
  13   1              
  14   1              AT24C02_WriteByte(1, 12);
  15   1              Delay(5);
  16   1              Data = AT24C02_ReadByte(1);
  17   1              LCD_ShowNum(2, 1, Data, 3);
  18   1              while(1)
  19   1              {
  20   2                      
  21   2              }
  22   1      }


MODULE INFORMATION:   STATIC OVERLAYABLE
   CODE SIZE        =     55    ----
   CONSTANT SIZE    =      6    ----
   XDATA SIZE       =   ----    ----
   PDATA SIZE       =   ----    ----
   DATA SIZE        =      1    ----
   IDATA SIZE       =   ----    ----
   BIT SIZE         =   ----    ----
END OF MODULE INFORMATION.


C51 COMPILATION COMPLETE.  0 WARNING(S),  0 ERROR(S)
