C51 COMPILER V9.54   MAIN                                                                  09/05/2023 14:40:28 PAGE 1   


C51 COMPILER V9.54, COMPILATION OF MODULE MAIN
OBJECT MODULE PLACED IN .\Objects\main.obj
COMPILER INVOKED BY: D:\Keil_C51v5\C51\BIN\C51.EXE main.c OPTIMIZE(8,SPEED) BROWSE DEBUG OBJECTEXTEND PRINT(.\Listings\m
                    -ain.lst) OBJECT(.\Objects\main.obj)

line level    source

   1          #include <REGX52.H>
   2          
   3          unsigned char sec;
   4          
   5          void Uart_Init(void)            //4800bps@11.0592MHz
   6          {
   7   1              PCON &= 0x7F;           //波特率不倍速
   8   1              SCON = 0x50;            //8位数据,可变波特率
   9   1      //      AUXR &= 0xBF;           //定时器1时钟为Fosc/12,即12T
  10   1      //      AUXR &= 0xFE;           //串口1选择定时器1为波特率发生器
  11   1              TMOD &= 0x0F;           //清除定时器1模式位
  12   1              TMOD |= 0x20;           //设定定时器1为8位自动重装方式
  13   1              TL1 = 0xFA;             //设定定时初值
  14   1              TH1 = 0xFA;             //设定定时器重装值
  15   1              ET1 = 0;                //禁止定时器1中断
  16   1              TR1 = 1;                //启动定时器1
  17   1              
  18   1              EA = 1; //启用中断
  19   1              ES = 1;
  20   1      }
  21          
  22          
  23          
  24          void UART_SendByte(unsigned char byte){
  25   1              SBUF=byte;
  26   1              while(TI==0);
  27   1              TI=0;
  28   1      }
  29          
  30          void UART_SendByte_PC(unsigned char byte){
  31   1              SBUF=byte;
  32   1              while(TI==0);
  33   1              TI=0;
  34   1      }
  35          
  36          void Delay(unsigned int xms)            //@11.0592MHz
  37          {
  38   1              unsigned char i, j;
  39   1              while(xms--){
  40   2                      i = 2;
  41   2                      j = 199;
  42   2                      do
  43   2                      {
  44   3                              while (--j);
  45   3                      } while (--i);
  46   2              }
  47   1      }
  48          
  49          void main()
  50          {
  51   1              UART_Init();
*** WARNING C206 IN LINE 51 OF main.c: 'UART_Init': missing function-prototype
  52   1              while(1){
  53   2                      UART_SendByte(sec);
C51 COMPILER V9.54   MAIN                                                                  09/05/2023 14:40:28 PAGE 2   

  54   2                      sec++;
  55   2                      Delay(1000);
  56   2              }
  57   1      }
  58          
  59          void UART_Routine() interrupt 4 //串口专用终端4
  60          {
  61   1      //      P2 = 0x00;
  62   1              if(RI == 1){
  63   2                      P2 = SBUF;
  64   2                      RI = 0;
  65   2                      UART_SendByte_PC(SBUF);
  66   2              }
  67   1      }


MODULE INFORMATION:   STATIC OVERLAYABLE
   CODE SIZE        =    108    ----
   CONSTANT SIZE    =   ----    ----
   XDATA SIZE       =   ----    ----
   PDATA SIZE       =   ----    ----
   DATA SIZE        =      1    ----
   IDATA SIZE       =   ----    ----
   BIT SIZE         =   ----    ----
END OF MODULE INFORMATION.


C51 COMPILATION COMPLETE.  1 WARNING(S),  0 ERROR(S)
