C51 COMPILER V9.54   MAIN                                                                  06/28/2023 16:35:31 PAGE 1   


C51 COMPILER V9.54, COMPILATION OF MODULE MAIN
OBJECT MODULE PLACED IN .\Objects\main.obj
COMPILER INVOKED BY: D:\Keil_C51v5\C51\BIN\C51.EXE main.c OPTIMIZE(8,SPEED) BROWSE DEBUG OBJECTEXTEND PRINT(.\Listings\m
                    -ain.lst) OBJECT(.\Objects\main.obj)

line level    source

   1          #include <REGX52.H>
   2          
   3          void Delay(unsigned int ms);
   4          
   5          void main(){    
   6   1              unsigned char LEDNUM = 0;
   7   1              P2 = ~0x01;
   8   1              while(1){               
   9   2                      if (P3_0 == 0){
  10   3                              Delay(20);
  11   3                              while(P3_0 == 0);
  12   3                              Delay(20);
  13   3                              
  14   3                              LEDNUM++;
  15   3                              if (LEDNUM >= 8){
  16   4                                      LEDNUM = 0;
  17   4                              }
  18   3                              P2 = ~(0x01<<LEDNUM);
  19   3                      }else if (P3_1 == 0){
  20   3                              Delay(20);
  21   3                              while(P3_1 == 0);
  22   3                              Delay(20);
  23   3                              
  24   3                              
  25   3                              if (LEDNUM == 0){
  26   4                                      LEDNUM = 7;
  27   4                              }else{
  28   4                                      LEDNUM--;
  29   4                              }
  30   3                              /*
  31   3                              LED只亮一个，所以初始状态为亮一个的最小值
  32   3                              根据LEDNUM记录的亮点位置来对P2进行位操作
  33   3                              然后又因为高低电平的缘故，需要对P2进行取反，让其单独亮一个
  34   3                              */
  35   3                              P2 = ~(0x01<<LEDNUM);
  36   3                      }
  37   2              }
  38   1      }
  39          
  40          void Delay(unsigned int xms)            //@11.0592MHz
  41          {
  42   1              unsigned char i, j;
  43   1              while(xms--){
  44   2                      i = 2;
  45   2                      j = 199;
  46   2                      do
  47   2                      {
  48   3                              while (--j);
  49   3                      } while (--i);
  50   2              }
  51   1      }


MODULE INFORMATION:   STATIC OVERLAYABLE
C51 COMPILER V9.54   MAIN                                                                  06/28/2023 16:35:31 PAGE 2   

   CODE SIZE        =    114    ----
   CONSTANT SIZE    =   ----    ----
   XDATA SIZE       =   ----    ----
   PDATA SIZE       =   ----    ----
   DATA SIZE        =   ----       1
   IDATA SIZE       =   ----    ----
   BIT SIZE         =   ----    ----
END OF MODULE INFORMATION.


C51 COMPILATION COMPLETE.  0 WARNING(S),  0 ERROR(S)
