C51 COMPILER V9.54   MAIN                                                                  06/28/2023 21:32:27 PAGE 1   


C51 COMPILER V9.54, COMPILATION OF MODULE MAIN
OBJECT MODULE PLACED IN .\Objects\main.obj
COMPILER INVOKED BY: D:\Keil_C51v5\C51\BIN\C51.EXE main.c OPTIMIZE(8,SPEED) BROWSE DEBUG OBJECTEXTEND PRINT(.\Listings\m
                    -ain.lst) OBJECT(.\Objects\main.obj)

line level    source

   1          #include <REGX52.H>
   2          
   3          unsigned char NixieTable[] = {0x3F, 0x06, 0x5B, 0x4F, 0x66, 0x6D, 0x7D, 0x07, 0x7F, 0x6F};
   4          
   5          void Nixie(unsigned char Location, Num){
   6   1              switch(Location){
   7   2                      case 1:P2_4 = 1;P2_3 = 1;P2_2 = 1;break;
   8   2                      case 2:P2_4 = 1;P2_3 = 1;P2_2 = 0;break;
   9   2                      case 3:P2_4 = 1;P2_3 = 0;P2_2 = 1;break;
  10   2                      case 4:P2_4 = 1;P2_3 = 0;P2_2 = 0;break;
  11   2                      case 5:P2_4 = 0;P2_3 = 1;P2_2 = 1;break;
  12   2                      case 6:P2_4 = 0;P2_3 = 1;P2_2 = 0;break;
  13   2                      case 7:P2_4 = 0;P2_3 = 0;P2_2 = 1;break;
  14   2                      case 8:P2_4 = 0;P2_3 = 0;P2_2 = 0;break;
  15   2              }
  16   1              P0 = NixieTable[Num];
  17   1      }
  18          
  19          void Delay(unsigned int xms)            //@11.0592MHz
  20          {
  21   1              unsigned char i, j;
  22   1              while(xms--){
  23   2                      i = 2;
  24   2                      j = 199;
  25   2                      do
  26   2                      {
  27   3                              while (--j);
  28   3                      } while (--i);
  29   2              }
  30   1      }
  31          
  32          void main()
  33          {
  34   1              while(1)
  35   1              {
  36   2                      Nixie(1,1);
  37   2                      Delay(2);
  38   2                      Nixie(2,3);
  39   2                      Delay(2);
  40   2                      Nixie(3,8);
  41   2                      Delay(2);
  42   2              }
  43   1      }


MODULE INFORMATION:   STATIC OVERLAYABLE
   CODE SIZE        =    166    ----
   CONSTANT SIZE    =   ----    ----
   XDATA SIZE       =   ----    ----
   PDATA SIZE       =   ----    ----
   DATA SIZE        =     10    ----
   IDATA SIZE       =   ----    ----
   BIT SIZE         =   ----    ----
END OF MODULE INFORMATION.

C51 COMPILER V9.54   MAIN                                                                  06/28/2023 21:32:27 PAGE 2   


C51 COMPILATION COMPLETE.  0 WARNING(S),  0 ERROR(S)
